# JRE version: Java(TM) SE Runtime Environment (18.0+36) (build 18+36-2087)
# Java VM: Java HotSpot(TM) 64-Bit Server VM (18+36-2087, mixed mode, sharing, tiered, compressed oops, compressed class ptrs, g1 gc, windows-amd64)
GC Precious Log:
 CardTable entry size: 512
 Card Set container configuration: InlinePtr #cards 5 size 8 Array Of Cards #cards 12 size 40 Howl #buckets 4 coarsen threshold 1843 Howl Bitmap #cards 512 size 80 coarsen threshold 460 Card regions per heap region 1 cards per card region 2048
 CPUs: 12 total, 12 available
 Memory: 6005M
 Large Page Support: Disabled
 NUMA Support: Disabled
 Compressed Oops: Enabled (32-bit)
 Heap Region Size: 1M
 Heap Min Capacity: 8M
 Heap Initial Capacity: 94M
 Heap Max Capacity: 1502M
 Pre-touch: Disabled
 Parallel Workers: 10
 Concurrent Workers: 3
 Concurrent Refinement Workers: 10
 Periodic GC: Disabled
Heap:
 garbage-first heap   total 68608K, used 29885K [0x00000000a2200000, 0x0000000100000000)
  region size 1024K, 6 young (6144K), 2 survivors (2048K)
 Metaspace       used 35091K, committed 35456K, reserved 1114112K
  class space    used 4276K, committed 4480K, reserved 1048576K
GC Heap History (20 events):
Event: 1.912 GC heap before
{Heap before GC invocations=1 (full 0):
 garbage-first heap   total 96256K, used 31928K [0x00000000a2200000, 0x0000000100000000)
  region size 1024K, 26 young (26624K), 3 survivors (3072K)
 Metaspace       used 11931K, committed 12160K, reserved 1114112K
  class space    used 1351K, committed 1472K, reserved 1048576K
}
Event: 1.921 GC heap after
{Heap after GC invocations=2 (full 0):
 garbage-first heap   total 96256K, used 10912K [0x00000000a2200000, 0x0000000100000000)
  region size 1024K, 2 young (2048K), 2 survivors (2048K)
 Metaspace       used 11931K, committed 12160K, reserved 1114112K
  class space    used 1351K, committed 1472K, reserved 1048576K
}
Event: 2.825 GC heap before
{Heap before GC invocations=2 (full 0):
 garbage-first heap   total 96256K, used 45728K [0x00000000a2200000, 0x0000000100000000)
  region size 1024K, 37 young (37888K), 2 survivors (2048K)
 Metaspace       used 18368K, committed 18624K, reserved 1114112K
  class space    used 2131K, committed 2240K, reserved 1048576K
}
Event: 2.831 GC heap after
{Heap after GC invocations=3 (full 0):
 garbage-first heap   total 96256K, used 16214K [0x00000000a2200000, 0x0000000100000000)
  region size 1024K, 5 young (5120K), 5 survivors (5120K)
 Metaspace       used 18368K, committed 18624K, reserved 1114112K
  class space    used 2131K, committed 2240K, reserved 1048576K
}
Event: 3.236 GC heap before
{Heap before GC invocations=3 (full 0):
 garbage-first heap   total 96256K, used 35670K [0x00000000a2200000, 0x0000000100000000)
  region size 1024K, 24 young (24576K), 5 survivors (5120K)
 Metaspace       used 21263K, committed 21504K, reserved 1114112K
  class space    used 2504K, committed 2624K, reserved 1048576K
}
Event: 3.243 GC heap after
{Heap after GC invocations=4 (full 0):
 garbage-first heap   total 96256K, used 19096K [0x00000000a2200000, 0x0000000100000000)
  region size 1024K, 3 young (3072K), 3 survivors (3072K)
 Metaspace       used 21263K, committed 21504K, reserved 1114112K
  class space    used 2504K, committed 2624K, reserved 1048576K
}
Event: 4.035 GC heap before
{Heap before GC invocations=5 (full 0):
 garbage-first heap   total 68608K, used 56984K [0x00000000a2200000, 0x0000000100000000)
  region size 1024K, 40 young (40960K), 3 survivors (3072K)
 Metaspace       used 28506K, committed 28800K, reserved 1114112K
  class space    used 3451K, committed 3584K, reserved 1048576K
}
Event: 4.041 GC heap after
{Heap after GC invocations=6 (full 0):
 garbage-first heap   total 68608K, used 25101K [0x00000000a2200000, 0x0000000100000000)
  region size 1024K, 5 young (5120K), 5 survivors (5120K)
 Metaspace       used 28506K, committed 28800K, reserved 1114112K
  class space    used 3451K, committed 3584K, reserved 1048576K
}
Event: 4.066 GC heap before
{Heap before GC invocations=6 (full 0):
 garbage-first heap   total 68608K, used 26125K [0x00000000a2200000, 0x0000000100000000)
  region size 1024K, 6 young (6144K), 5 survivors (5120K)
 Metaspace       used 28715K, committed 29056K, reserved 1114112K
  class space    used 3490K, committed 3648K, reserved 1048576K
}
Event: 4.070 GC heap after
{Heap after GC invocations=7 (full 0):
 garbage-first heap   total 68608K, used 25853K [0x00000000a2200000, 0x0000000100000000)
  region size 1024K, 1 young (1024K), 1 survivors (1024K)
 Metaspace       used 28715K, committed 29056K, reserved 1114112K
  class space    used 3490K, committed 3648K, reserved 1048576K
}
Event: 6.209 GC heap before
{Heap before GC invocations=7 (full 0):
 garbage-first heap   total 68608K, used 46333K [0x00000000a2200000, 0x0000000100000000)
  region size 1024K, 21 young (21504K), 1 survivors (1024K)
 Metaspace       used 32986K, committed 33344K, reserved 1114112K
  class space    used 4041K, committed 4224K, reserved 1048576K
}
Event: 6.211 GC heap after
{Heap after GC invocations=8 (full 0):
 garbage-first heap   total 68608K, used 26270K [0x00000000a2200000, 0x0000000100000000)
  region size 1024K, 2 young (2048K), 2 survivors (2048K)
 Metaspace       used 32986K, committed 33344K, reserved 1114112K
  class space    used 4041K, committed 4224K, reserved 1048576K
}
Event: 8.257 GC heap before
{Heap before GC invocations=8 (full 0):
 garbage-first heap   total 68608K, used 47774K [0x00000000a2200000, 0x0000000100000000)
  region size 1024K, 23 young (23552K), 2 survivors (2048K)
 Metaspace       used 34135K, committed 34496K, reserved 1114112K
  class space    used 4180K, committed 4352K, reserved 1048576K
}
Event: 8.259 GC heap after
{Heap after GC invocations=9 (full 0):
 garbage-first heap   total 68608K, used 26502K [0x00000000a2200000, 0x0000000100000000)
  region size 1024K, 2 young (2048K), 2 survivors (2048K)
 Metaspace       used 34135K, committed 34496K, reserved 1114112K
  class space    used 4180K, committed 4352K, reserved 1048576K
}
Event: 8.477 GC heap before
{Heap before GC invocations=9 (full 0):
 garbage-first heap   total 68608K, used 50054K [0x00000000a2200000, 0x0000000100000000)
  region size 1024K, 25 young (25600K), 2 survivors (2048K)
 Metaspace       used 34373K, committed 34688K, reserved 1114112K
  class space    used 4181K, committed 4352K, reserved 1048576K
}
Event: 8.479 GC heap after
{Heap after GC invocations=10 (full 0):
 garbage-first heap   total 68608K, used 26530K [0x00000000a2200000, 0x0000000100000000)
  region size 1024K, 2 young (2048K), 2 survivors (2048K)
 Metaspace       used 34373K, committed 34688K, reserved 1114112K
  class space    used 4181K, committed 4352K, reserved 1048576K
}
Event: 8.631 GC heap before
{Heap before GC invocations=10 (full 0):
 garbage-first heap   total 68608K, used 51106K [0x00000000a2200000, 0x0000000100000000)
  region size 1024K, 26 young (26624K), 2 survivors (2048K)
 Metaspace       used 34384K, committed 34752K, reserved 1114112K
  class space    used 4181K, committed 4352K, reserved 1048576K
}
Event: 8.633 GC heap after
{Heap after GC invocations=11 (full 0):
 garbage-first heap   total 68608K, used 26565K [0x00000000a2200000, 0x0000000100000000)
  region size 1024K, 2 young (2048K), 2 survivors (2048K)
 Metaspace       used 34384K, committed 34752K, reserved 1114112K
  class space    used 4181K, committed 4352K, reserved 1048576K
}
Event: 9.425 GC heap before
{Heap before GC invocations=11 (full 0):
 garbage-first heap   total 68608K, used 53189K [0x00000000a2200000, 0x0000000100000000)
  region size 1024K, 28 young (28672K), 2 survivors (2048K)
 Metaspace       used 34731K, committed 35072K, reserved 1114112K
  class space    used 4227K, committed 4416K, reserved 1048576K
}
Event: 9.427 GC heap after
{Heap after GC invocations=12 (full 0):
 garbage-first heap   total 68608K, used 26813K [0x00000000a2200000, 0x0000000100000000)
  region size 1024K, 2 young (2048K), 2 survivors (2048K)
 Metaspace       used 34731K, committed 35072K, reserved 1114112K
  class space    used 4227K, committed 4416K, reserved 1048576K
}

